<?xml version="1.0" encoding="UTF-8"?>
<testsuite name="TestSavingGoal" tests="1" skipped="0" failures="0" errors="0" timestamp="2020-10-13T07:01:47" hostname="LAPTOP-475KJ11C" time="0.0">
  <properties/>
  <testcase name="addMoneyToSaving()" classname="TestSavingGoal" time="0.0"/>
  <system-out><![CDATA[]]></system-out>
  <system-err><![CDATA[]]></system-err>
</testsuite>
