<?xml version="1.0" encoding="UTF-8"?>
<testsuite name="TestEntryHandler" tests="4" skipped="0" failures="0" errors="0" timestamp="2020-10-12T08:01:37" hostname="LAPTOP-475KJ11C" time="0.006">
  <properties/>
  <testcase name="testAddingEntryToList()" classname="TestEntryHandler" time="0.001"/>
  <testcase name="testRemovingEntryToList()" classname="TestEntryHandler" time="0.0"/>
  <testcase name="testUpdateValues()" classname="TestEntryHandler" time="0.001"/>
  <testcase name="testGetInstance()" classname="TestEntryHandler" time="0.0"/>
  <system-out><![CDATA[]]></system-out>
  <system-err><![CDATA[]]></system-err>
</testsuite>
