<?xml version="1.0" encoding="UTF-8"?>
<testsuite name="TestSavingGoal" tests="1" skipped="0" failures="0" errors="0" timestamp="2020-10-12T11:19:35" hostname="LAPTOP-475KJ11C" time="0.041">
  <properties/>
  <testcase name="addMoneyToSaving()" classname="TestSavingGoal" time="0.041"/>
  <system-out><![CDATA[]]></system-out>
  <system-err><![CDATA[]]></system-err>
</testsuite>
