<?xml version="1.0" encoding="UTF-8"?>
<testsuite name="SavingsOverviewTest" tests="2" skipped="0" failures="0" errors="0" timestamp="2020-10-12T11:39:54" hostname="LAPTOP-475KJ11C" time="0.025">
  <properties/>
  <testcase name="getInstance()" classname="SavingsOverviewTest" time="0.023"/>
  <testcase name="addToSaving()" classname="SavingsOverviewTest" time="0.0"/>
  <system-out><![CDATA[]]></system-out>
  <system-err><![CDATA[]]></system-err>
</testsuite>
