<?xml version="1.0" encoding="UTF-8"?>
<testsuite name="TestBudget" tests="14" skipped="0" failures="0" errors="0" timestamp="2020-10-12T13:01:56" hostname="Viktorias-MacBook-Pro.local" time="0.025">
  <properties/>
  <testcase name="testCreationOfTransportCost()" classname="TestBudget" time="0.007"/>
  <testcase name="testCreationOfFoodCost()" classname="TestBudget" time="0.001"/>
  <testcase name="testCreationOfSavingsCost()" classname="TestBudget" time="0.0"/>
  <testcase name="testSetTransportCost()" classname="TestBudget" time="0.0"/>
  <testcase name="testSetSavingCost()" classname="TestBudget" time="0.001"/>
  <testcase name="testCreationOfShoppingCost()" classname="TestBudget" time="0.0"/>
  <testcase name="testSetOtherCost()" classname="TestBudget" time="0.0"/>
  <testcase name="testSetShoppingCost()" classname="TestBudget" time="0.001"/>
  <testcase name="testSetIncome()" classname="TestBudget" time="0.002"/>
  <testcase name="testCreationOfIncome()" classname="TestBudget" time="0.0"/>
  <testcase name="testCreationOfOtherCost()" classname="TestBudget" time="0.0"/>
  <testcase name="testCreationOfHouseholdCost()" classname="TestBudget" time="0.001"/>
  <testcase name="testSetFoodCost()" classname="TestBudget" time="0.001"/>
  <testcase name="testSetHouseholdCost()" classname="TestBudget" time="0.001"/>
  <system-out><![CDATA[]]></system-out>
  <system-err><![CDATA[]]></system-err>
</testsuite>
