<?xml version="1.0" encoding="UTF-8"?>
<testsuite name="TestEntry" tests="4" skipped="0" failures="0" errors="0" timestamp="2020-10-13T07:01:47" hostname="LAPTOP-475KJ11C" time="0.007">
  <properties/>
  <testcase name="testCreationOfEntryCost()" classname="TestEntry" time="0.001"/>
  <testcase name="testCreationOfEntryName()" classname="TestEntry" time="0.001"/>
  <testcase name="testCreationOfEntryType()" classname="TestEntry" time="0.0"/>
  <testcase name="testCreationOfEntryCategory()" classname="TestEntry" time="0.001"/>
  <system-out><![CDATA[]]></system-out>
  <system-err><![CDATA[]]></system-err>
</testsuite>
