<?xml version="1.0" encoding="UTF-8"?>
<testsuite name="TestEntry" tests="1" skipped="0" failures="0" errors="0" timestamp="2020-10-08T09:07:29" hostname="LAPTOP-475KJ11C" time="0.019">
  <properties/>
  <testcase name="testSomething()" classname="TestEntry" time="0.019"/>
  <system-out><![CDATA[]]></system-out>
  <system-err><![CDATA[]]></system-err>
</testsuite>
