<?xml version="1.0" encoding="UTF-8"?>
<testsuite name="TestAccountFacade" tests="9" skipped="0" failures="0" errors="0" timestamp="2020-10-12T08:01:37" hostname="LAPTOP-475KJ11C" time="0.03">
  <properties/>
  <testcase name="setAccountPassword()" classname="TestAccountFacade" time="0.011"/>
  <testcase name="setAccountName()" classname="TestAccountFacade" time="0.0"/>
  <testcase name="deleteAccount()" classname="TestAccountFacade" time="0.004"/>
  <testcase name="setAccountEmail()" classname="TestAccountFacade" time="0.0"/>
  <testcase name="checkPassword()" classname="TestAccountFacade" time="0.002"/>
  <testcase name="isAccountPageFieldsCorrect()" classname="TestAccountFacade" time="0.002"/>
  <testcase name="setAccountUsernameName()" classname="TestAccountFacade" time="0.0"/>
  <testcase name="checkPasswordMatch()" classname="TestAccountFacade" time="0.001"/>
  <testcase name="createAccount()" classname="TestAccountFacade" time="0.002"/>
  <system-out><![CDATA[All fields valid
Incorrect username
Incorrect email
Incorrect username
Incorrect name
Incorrect email
All fields valid
Invalid name
All fields valid
]]></system-out>
  <system-err><![CDATA[]]></system-err>
</testsuite>
